d:\work_cpp\console_application\project1\project1\x64\debug\vc141.pdb
d:\work_cpp\console_application\project1\project1\x64\debug\vc141.idb
d:\work_cpp\console_application\project1\project1\x64\debug\classprop.sbr
d:\work_cpp\console_application\project1\project1\x64\debug\comfunc.sbr
d:\work_cpp\console_application\project1\project1\x64\debug\dynamic_allocation_example.sbr
d:\work_cpp\console_application\project1\project1\x64\debug\eharray.sbr
d:\work_cpp\console_application\project1\project1\x64\debug\member.sbr
d:\work_cpp\console_application\project1\project1\x64\debug\member.obj
d:\work_cpp\console_application\project1\project1\x64\debug\eharray.obj
d:\work_cpp\console_application\project1\project1\x64\debug\dynamic_allocation_example.obj
d:\work_cpp\console_application\project1\project1\x64\debug\comfunc.obj
d:\work_cpp\console_application\project1\project1\x64\debug\classprop.obj
d:\work_cpp\console_application\project1\project1\x64\debug\asfawfa.sbr
d:\work_cpp\console_application\project1\project1\x64\debug\test2.sbr
d:\work_cpp\console_application\project1\project1\x64\debug\test2.obj
d:\work_cpp\console_application\project1\project1\x64\debug\asfawfa.obj
d:\work_cpp\console_application\project1\project1\x64\debug\myarray.sbr
d:\work_cpp\console_application\project1\project1\x64\debug\mystring.sbr
d:\work_cpp\console_application\project1\project1\x64\debug\mystring.obj
d:\work_cpp\console_application\project1\project1\x64\debug\myarray.obj
d:\work_cpp\console_application\project1\project1\x64\debug\my_array.sbr
d:\work_cpp\console_application\project1\project1\x64\debug\my_string.sbr
d:\work_cpp\console_application\project1\project1\x64\debug\my_string.obj
d:\work_cpp\console_application\project1\project1\x64\debug\my_array.obj
d:\work_cpp\console_application\project1\project1\x64\debug\main.sbr
d:\work_cpp\console_application\project1\project1\x64\debug\main.obj
d:\work_cpp\console_application\project1\x64\debug\proj1.exe
d:\work_cpp\console_application\project1\x64\debug\proj1.ilk
d:\work_cpp\console_application\project1\x64\debug\proj1.pdb
d:\work_cpp\console_application\project1\project1\x64\debug\array.obj
d:\work_cpp\console_application\project1\project1\x64\debug\array.sbr
d:\work_cpp\console_application\project1\x64\debug\proj1.bsc
d:\work_cpp\console_application\project1\project1\x64\debug\proj1.tlog\bscmake.command.1.tlog
d:\work_cpp\console_application\project1\project1\x64\debug\proj1.tlog\bscmake.read.1.tlog
d:\work_cpp\console_application\project1\project1\x64\debug\proj1.tlog\cl.command.1.tlog
d:\work_cpp\console_application\project1\project1\x64\debug\proj1.tlog\cl.read.1.tlog
d:\work_cpp\console_application\project1\project1\x64\debug\proj1.tlog\cl.write.1.tlog
d:\work_cpp\console_application\project1\project1\x64\debug\proj1.tlog\link.command.1.tlog
d:\work_cpp\console_application\project1\project1\x64\debug\proj1.tlog\link.read.1.tlog
d:\work_cpp\console_application\project1\project1\x64\debug\proj1.tlog\link.write.1.tlog
